======================================================================
  视网膜模块代码复现 - Python 版本
  Analysis of Neuronal Spike Trains, Deconstructed
======================================================================

项目根目录: /Users/mac/Documents/code/primer-master
数据目录:   /Users/mac/Documents/code/primer-master/RetinaData
输出目录:   /Users/mac/Documents/code/primer-master/python/output
分析细胞:   Cell 3

  使用数据目录: /Users/mac/Documents/code/primer-master/RetinaData

======================================================================
  阶段一: 数据准备与预处理
======================================================================

  处理刺激配置: short2
    总帧数: 137145, 空间维度: 100, 时间深度: 2, 延迟: 1
    完成: N=200, NX=100, NT=2, 训练帧数≈109714

  处理刺激配置: short3
    总帧数: 137145, 空间维度: 196, 时间深度: 3, 延迟: 1
    完成: N=588, NX=196, NT=3, 训练帧数≈109714

  处理刺激配置: long
    总帧数: 137145, 空间维度: 100, 时间深度: 6, 延迟: 0
    完成: N=600, NX=100, NT=6, 训练帧数≈109712

  ✓ 阶段一完成: 数据预处理就绪

======================================================================
  阶段二: STA 脉冲触发平均
======================================================================
  short3: STA 计算完成 (5 折)
  long: STA 计算完成 (5 折)

  ✓ 阶段二完成: STA 模型就绪

======================================================================
  阶段三: STC 脉冲触发协方差 [优化版]
======================================================================
  ℹ️ PyTorch 未安装，使用优化 NumPy 算法

  [1/10] short3 JK1: STC (N=588, T=109714)
    → 步骤1/4: 先验协方差 Cp... 0.2s
    → 步骤2/4: 脉冲触发协方差 Cs... 0.4s
    → 步骤3/4: 特征分解... 0.0s  范围:[-0.5162, 0.7335]
    → 步骤4/4: 零分布 (200次置换)...
      使用优化 NumPy 算法
      置换 1/200 耗时 0.4s, 剩余 80s
      置换 20/200 耗时 8.4s, 剩余 75s
      置换 40/200 耗时 16.7s, 剩余 67s
      置换 60/200 耗时 24.6s, 剩余 57s
      置换 80/200 耗时 32.7s, 剩余 49s
      置换 100/200 耗时 40.7s, 剩余 41s
      置换 120/200 耗时 48.6s, 剩余 32s
      置换 140/200 耗时 57.0s, 剩余 24s
      置换 160/200 耗时 65.8s, 剩余 16s
      置换 180/200 耗时 74.5s, 剩余 8s
      置换 200/200 耗时 83.1s, 剩余 0s
      零分布完成 (总耗时 83.1s)
    ✓ short3 JK1: 0 个显著 STC 特征 (总耗时 83.8s)
      零分布范围: [-0.5302, 0.7547]

  [2/10] short3 JK2: STC (N=588, T=109713)
    → 步骤1/4: 先验协方差 Cp... 0.3s
    → 步骤2/4: 脉冲触发协方差 Cs... 0.3s
    → 步骤3/4: 特征分解... 0.0s  范围:[-0.5207, 0.7325]
    → 步骤4/4: 零分布 (200次置换)...
      使用优化 NumPy 算法
      置换 1/200 耗时 0.5s, 剩余 91s
      置换 20/200 耗时 8.6s, 剩余 77s
      置换 40/200 耗时 17.7s, 剩余 71s
      置换 60/200 耗时 26.3s, 剩余 61s
      置换 80/200 耗时 35.5s, 剩余 53s
      置换 100/200 耗时 43.4s, 剩余 43s
      置换 120/200 耗时 51.6s, 剩余 34s
      置换 140/200 耗时 59.2s, 剩余 25s
      置换 160/200 耗时 65.7s, 剩余 16s
      置换 180/200 耗时 73.6s, 剩余 8s
      置换 200/200 耗时 82.0s, 剩余 0s
      零分布完成 (总耗时 82.0s)
    ✓ short3 JK2: 0 个显著 STC 特征 (总耗时 82.6s)
      零分布范围: [-0.5287, 0.7541]

  [3/10] short3 JK3: STC (N=588, T=109714)
    → 步骤1/4: 先验协方差 Cp... 0.2s
    → 步骤2/4: 脉冲触发协方差 Cs... 0.3s
    → 步骤3/4: 特征分解... 0.0s  范围:[-0.5160, 0.7164]
    → 步骤4/4: 零分布 (200次置换)...
      使用优化 NumPy 算法
      置换 1/200 耗时 0.4s, 剩余 83s
      置换 20/200 耗时 8.5s, 剩余 76s
      置换 40/200 耗时 17.6s, 剩余 71s
      置换 60/200 耗时 26.0s, 剩余 61s
      置换 80/200 耗时 35.3s, 剩余 53s
      置换 100/200 耗时 44.3s, 剩余 44s
      置换 120/200 耗时 52.7s, 剩余 35s
      置换 140/200 耗时 61.6s, 剩余 26s
      置换 160/200 耗时 70.6s, 剩余 18s
      置换 180/200 耗时 79.2s, 剩余 9s
      置换 200/200 耗时 87.5s, 剩余 0s
      零分布完成 (总耗时 87.5s)
    ✓ short3 JK3: 0 个显著 STC 特征 (总耗时 88.0s)
      零分布范围: [-0.5311, 0.7480]

  [4/10] short3 JK4: STC (N=588, T=109713)
    → 步骤1/4: 先验协方差 Cp... 0.2s
    → 步骤2/4: 脉冲触发协方差 Cs... 0.5s
    → 步骤3/4: 特征分解... 0.1s  范围:[-0.5118, 0.7100]
    → 步骤4/4: 零分布 (200次置换)...
      使用优化 NumPy 算法
      置换 1/200 耗时 0.4s, 剩余 79s
      置换 20/200 耗时 10.0s, 剩余 90s
      置换 40/200 耗时 20.2s, 剩余 81s
      置换 60/200 耗时 30.1s, 剩余 70s
      置换 80/200 耗时 39.9s, 剩余 60s
      置换 100/200 耗时 49.3s, 剩余 49s
      置换 120/200 耗时 59.9s, 剩余 40s
      置换 140/200 耗时 69.8s, 剩余 30s
