======================================================================
  视网膜模块代码复现 - Python 版本
  Analysis of Neuronal Spike Trains, Deconstructed
======================================================================

项目根目录: /Users/mac/Documents/code/primer-master
数据目录:   /Users/mac/Documents/code/primer-master/RetinaData
输出目录:   /Users/mac/Documents/code/primer-master/python/output
分析细胞:   Cell 3

  使用数据目录: /Users/mac/Documents/code/primer-master/RetinaData

======================================================================
  阶段一: 数据准备与预处理
======================================================================

  处理刺激配置: short2
    总帧数: 137145, 空间维度: 100, 时间深度: 2, 延迟: 1
    完成: N=200, NX=100, NT=2, 训练帧数≈109714

  处理刺激配置: short3
    总帧数: 137145, 空间维度: 196, 时间深度: 3, 延迟: 1
    完成: N=588, NX=196, NT=3, 训练帧数≈109714

  处理刺激配置: long
    总帧数: 137145, 空间维度: 100, 时间深度: 6, 延迟: 0
    完成: N=600, NX=100, NT=6, 训练帧数≈109712

  ✓ 阶段一完成: 数据预处理就绪
  ⏱ 阶段一耗时: 3.7s


======================================================================
  阶段二: STA 脉冲触发平均
======================================================================
  short3: STA 计算完成 (5 折)
  long: STA 计算完成 (5 折)

  ✓ 阶段二完成: STA 模型就绪
  ⏱ 阶段二耗时: 1.4s


======================================================================
  阶段三: STC 脉冲触发协方差 [优化版]
======================================================================
  🚀 检测到 Apple MPS GPU，将使用 GPU 加速

  [1/10] short3 JK1: STC (N=588, T=109714)
    → 步骤1/4: 先验协方差 Cp... 0.2s
    → 步骤2/4: 脉冲触发协方差 Cs... 0.2s
    → 步骤3/4: 特征分解... 0.0s  范围:[-0.5162, 0.7335]
    → 步骤4/4: 零分布 (200次置换)...
      🚀 使用 Apple MPS GPU 加速
      置换 1/200 (MPS) 耗时 0.1s, 剩余 24s
      置换 20/200 (MPS) 耗时 1.3s, 剩余 12s
      置换 40/200 (MPS) 耗时 2.6s, 剩余 10s
      置换 60/200 (MPS) 耗时 3.7s, 剩余 9s
      置换 80/200 (MPS) 耗时 5.0s, 剩余 7s
      置换 100/200 (MPS) 耗时 6.2s, 剩余 6s
      置换 120/200 (MPS) 耗时 7.4s, 剩余 5s
      置换 140/200 (MPS) 耗时 8.7s, 剩余 4s
      置换 160/200 (MPS) 耗时 9.9s, 剩余 2s
      置换 180/200 (MPS) 耗时 11.1s, 剩余 1s
      置换 200/200 (MPS) 耗时 12.4s, 剩余 0s
      MPS 零分布完成 (总耗时 12.4s)
    ✓ short3 JK1: 0 个显著 STC 特征 (总耗时 12.9s)
      零分布范围: [-0.5284, 0.7515]

  [2/10] short3 JK2: STC (N=588, T=109713)
    → 步骤1/4: 先验协方差 Cp... 0.2s
    → 步骤2/4: 脉冲触发协方差 Cs... 0.2s
    → 步骤3/4: 特征分解... 0.0s  范围:[-0.5207, 0.7325]
    → 步骤4/4: 零分布 (200次置换)...
      🚀 使用 Apple MPS GPU 加速
      置换 1/200 (MPS) 耗时 0.1s, 剩余 16s
      置换 20/200 (MPS) 耗时 1.2s, 剩余 11s
      置换 40/200 (MPS) 耗时 2.4s, 剩余 10s
      置换 60/200 (MPS) 耗时 3.6s, 剩余 9s
      置换 80/200 (MPS) 耗时 4.9s, 剩余 7s
      置换 100/200 (MPS) 耗时 6.2s, 剩余 6s
      置换 120/200 (MPS) 耗时 7.4s, 剩余 5s
      置换 140/200 (MPS) 耗时 8.7s, 剩余 4s
      置换 160/200 (MPS) 耗时 10.1s, 剩余 3s
      置换 180/200 (MPS) 耗时 11.3s, 剩余 1s
      置换 200/200 (MPS) 耗时 12.6s, 剩余 0s
      MPS 零分布完成 (总耗时 12.6s)
    ✓ short3 JK2: 0 个显著 STC 特征 (总耗时 13.1s)
      零分布范围: [-0.5306, 0.7624]

  [3/10] short3 JK3: STC (N=588, T=109714)
    → 步骤1/4: 先验协方差 Cp... 0.2s
    → 步骤2/4: 脉冲触发协方差 Cs... 0.2s
    → 步骤3/4: 特征分解... 0.0s  范围:[-0.5160, 0.7164]
    → 步骤4/4: 零分布 (200次置换)...
      🚀 使用 Apple MPS GPU 加速
      置换 1/200 (MPS) 耗时 0.1s, 剩余 16s
      置换 20/200 (MPS) 耗时 1.3s, 剩余 12s
      置换 40/200 (MPS) 耗时 2.6s, 剩余 11s
      置换 60/200 (MPS) 耗时 4.0s, 剩余 9s
      置换 80/200 (MPS) 耗时 5.3s, 剩余 8s
      置换 100/200 (MPS) 耗时 6.7s, 剩余 7s
      置换 120/200 (MPS) 耗时 8.2s, 剩余 5s
      置换 140/200 (MPS) 耗时 9.6s, 剩余 4s
      置换 160/200 (MPS) 耗时 11.0s, 剩余 3s
      置换 180/200 (MPS) 耗时 12.4s, 剩余 1s
      置换 200/200 (MPS) 耗时 13.8s, 剩余 0s
      MPS 零分布完成 (总耗时 13.8s)
    ✓ short3 JK3: 0 个显著 STC 特征 (总耗时 14.2s)
      零分布范围: [-0.5292, 0.7704]

  [4/10] short3 JK4: STC (N=588, T=109713)
    → 步骤1/4: 先验协方差 Cp... 0.2s
    → 步骤2/4: 脉冲触发协方差 Cs... 0.2s
    → 步骤3/4: 特征分解... 0.0s  范围:[-0.5118, 0.7100]
    → 步骤4/4: 零分布 (200次置换)...
      🚀 使用 Apple MPS GPU 加速
      置换 1/200 (MPS) 耗时 0.1s, 剩余 14s
      置换 20/200 (MPS) 耗时 1.3s, 剩余 12s
      置换 40/200 (MPS) 耗时 3.0s, 剩余 12s
      置换 60/200 (MPS) 耗时 4.4s, 剩余 10s
      置换 80/200 (MPS) 耗时 5.7s, 剩余 9s
      置换 100/200 (MPS) 耗时 7.1s, 剩余 7s
      置换 120/200 (MPS) 耗时 8.5s, 剩余 6s
      置换 140/200 (MPS) 耗时 10.1s, 剩余 4s
      置换 160/200 (MPS) 耗时 11.3s, 剩余 3s
      置换 180/200 (MPS) 耗时 12.6s, 剩余 1s
      置换 200/200 (MPS) 耗时 13.9s, 剩余 0s
      MPS 零分布完成 (总耗时 13.9s)
    ✓ short3 JK4: 0 个显著 STC 特征 (总耗时 14.3s)
      零分布范围: [-0.5252, 0.7448]

  [5/10] short3 JK5: STC (N=588, T=109714)
    → 步骤1/4: 先验协方差 Cp... 0.2s
    → 步骤2/4: 脉冲触发协方差 Cs... 0.2s
    → 步骤3/4: 特征分解... 0.0s  范围:[-0.5121, 0.7151]
    → 步骤4/4: 零分布 (200次置换)...
      🚀 使用 Apple MPS GPU 加速
      置换 1/200 (MPS) 耗时 0.1s, 剩余 12s
      置换 20/200 (MPS) 耗时 1.2s, 剩余 11s
      置换 40/200 (MPS) 耗时 2.5s, 剩余 10s
      置换 60/200 (MPS) 耗时 3.8s, 剩余 9s
      置换 80/200 (MPS) 耗时 5.1s, 剩余 8s
      置换 100/200 (MPS) 耗时 6.4s, 剩余 6s
      置换 120/200 (MPS) 耗时 7.7s, 剩余 5s
      置换 140/200 (MPS) 耗时 9.0s, 剩余 4s
      置换 160/200 (MPS) 耗时 10.3s, 剩余 3s
      置换 180/200 (MPS) 耗时 11.5s, 剩余 1s
      置换 200/200 (MPS) 耗时 12.8s, 剩余 0s
      MPS 零分布完成 (总耗时 12.8s)
    ✓ short3 JK5: 0 个显著 STC 特征 (总耗时 13.2s)
      零分布范围: [-0.5202, 0.7307]

  [6/10] long JK1: STC (N=600, T=109712)
    → 步骤1/4: 先验协方差 Cp... 0.1s
    → 步骤2/4: 脉冲触发协方差 Cs... 0.2s
    → 步骤3/4: 特征分解... 0.0s  范围:[-0.5196, 0.7198]
    → 步骤4/4: 零分布 (200次置换)...
      🚀 使用 Apple MPS GPU 加速
      置换 1/200 (MPS) 耗时 0.1s, 剩余 16s
      置换 20/200 (MPS) 耗时 1.2s, 剩余 10s
      置换 40/200 (MPS) 耗时 2.5s, 剩余 10s
      置换 60/200 (MPS) 耗时 3.8s, 剩余 9s
      置换 80/200 (MPS) 耗时 5.0s, 剩余 8s
      置换 100/200 (MPS) 耗时 6.2s, 剩余 6s
      置换 120/200 (MPS) 耗时 7.5s, 剩余 5s
      置换 140/200 (MPS) 耗时 8.7s, 剩余 4s
      置换 160/200 (MPS) 耗时 9.9s, 剩余 2s
      置换 180/200 (MPS) 耗时 11.1s, 剩余 1s
      置换 200/200 (MPS) 耗时 12.4s, 剩余 0s
      MPS 零分布完成 (总耗时 12.4s)
    ✓ long JK1: 0 个显著 STC 特征 (总耗时 12.9s)
      零分布范围: [-0.5343, 0.7699]

  [7/10] long JK2: STC (N=600, T=109712)
    → 步骤1/4: 先验协方差 Cp... 0.2s
    → 步骤2/4: 脉冲触发协方差 Cs... 0.2s
    → 步骤3/4: 特征分解... 0.0s  范围:[-0.5218, 0.7314]
    → 步骤4/4: 零分布 (200次置换)...
      🚀 使用 Apple MPS GPU 加速
      置换 1/200 (MPS) 耗时 0.1s, 剩余 15s
      置换 20/200 (MPS) 耗时 1.2s, 剩余 11s
      置换 40/200 (MPS) 耗时 2.5s, 剩余 10s
      置换 60/200 (MPS) 耗时 3.9s, 剩余 9s
      置换 80/200 (MPS) 耗时 5.1s, 剩余 8s
      置换 100/200 (MPS) 耗时 6.4s, 剩余 6s
      置换 120/200 (MPS) 耗时 7.7s, 剩余 5s
      置换 140/200 (MPS) 耗时 8.9s, 剩余 4s
      置换 160/200 (MPS) 耗时 10.0s, 剩余 3s
      置换 180/200 (MPS) 耗时 11.3s, 剩余 1s
      置换 200/200 (MPS) 耗时 12.5s, 剩余 0s
      MPS 零分布完成 (总耗时 12.5s)
    ✓ long JK2: 0 个显著 STC 特征 (总耗时 12.9s)
      零分布范围: [-0.5337, 0.7749]

  [8/10] long JK3: STC (N=600, T=109712)
    → 步骤1/4: 先验协方差 Cp... 0.2s
    → 步骤2/4: 脉冲触发协方差 Cs... 0.2s
    → 步骤3/4: 特征分解... 0.0s  范围:[-0.5200, 0.7339]
    → 步骤4/4: 零分布 (200次置换)...
      🚀 使用 Apple MPS GPU 加速
      置换 1/200 (MPS) 耗时 0.1s, 剩余 14s
      置换 20/200 (MPS) 耗时 1.2s, 剩余 10s
      置换 40/200 (MPS) 耗时 2.4s, 剩余 10s
      置换 60/200 (MPS) 耗时 3.7s, 剩余 9s
      置换 80/200 (MPS) 耗时 4.9s, 剩余 7s
      置换 100/200 (MPS) 耗时 6.1s, 剩余 6s
      置换 120/200 (MPS) 耗时 7.4s, 剩余 5s
      置换 140/200 (MPS) 耗时 8.6s, 剩余 4s
      置换 160/200 (MPS) 耗时 9.9s, 剩余 2s
      置换 180/200 (MPS) 耗时 11.2s, 剩余 1s
      置换 200/200 (MPS) 耗时 12.4s, 剩余 0s
      MPS 零分布完成 (总耗时 12.4s)
    ✓ long JK3: 0 个显著 STC 特征 (总耗时 12.8s)
      零分布范围: [-0.5354, 0.7587]

  [9/10] long JK4: STC (N=600, T=109712)
    → 步骤1/4: 先验协方差 Cp... 0.2s
    → 步骤2/4: 脉冲触发协方差 Cs... 0.2s
    → 步骤3/4: 特征分解... 0.0s  范围:[-0.5204, 0.7303]
    → 步骤4/4: 零分布 (200次置换)...
      🚀 使用 Apple MPS GPU 加速
      置换 1/200 (MPS) 耗时 0.1s, 剩余 15s
      置换 20/200 (MPS) 耗时 1.2s, 剩余 11s
      置换 40/200 (MPS) 耗时 2.5s, 剩余 10s
      置换 60/200 (MPS) 耗时 3.8s, 剩余 9s
      置换 80/200 (MPS) 耗时 5.1s, 剩余 8s
      置换 100/200 (MPS) 耗时 6.3s, 剩余 6s
      置换 120/200 (MPS) 耗时 7.6s, 剩余 5s
      置换 140/200 (MPS) 耗时 8.7s, 剩余 4s
      置换 160/200 (MPS) 耗时 10.0s, 剩余 2s
      置换 180/200 (MPS) 耗时 11.2s, 剩余 1s
      置换 200/200 (MPS) 耗时 12.4s, 剩余 0s
      MPS 零分布完成 (总耗时 12.4s)
    ✓ long JK4: 0 个显著 STC 特征 (总耗时 12.8s)
      零分布范围: [-0.5287, 0.7604]

  [10/10] long JK5: STC (N=600, T=109712)
    → 步骤1/4: 先验协方差 Cp... 0.2s
    → 步骤2/4: 脉冲触发协方差 Cs... 0.2s
    → 步骤3/4: 特征分解... 0.0s  范围:[-0.5104, 0.7199]
    → 步骤4/4: 零分布 (200次置换)...
      🚀 使用 Apple MPS GPU 加速
      置换 1/200 (MPS) 耗时 0.1s, 剩余 14s
      置换 20/200 (MPS) 耗时 1.1s, 剩余 10s
      置换 40/200 (MPS) 耗时 2.3s, 剩余 9s
      置换 60/200 (MPS) 耗时 3.5s, 剩余 8s
      置换 80/200 (MPS) 耗时 4.7s, 剩余 7s
      置换 100/200 (MPS) 耗时 6.0s, 剩余 6s
      置换 120/200 (MPS) 耗时 7.2s, 剩余 5s
      置换 140/200 (MPS) 耗时 8.4s, 剩余 4s
      置换 160/200 (MPS) 耗时 9.6s, 剩余 2s
      置换 180/200 (MPS) 耗时 10.8s, 剩余 1s
      置换 200/200 (MPS) 耗时 12.2s, 剩余 0s
      MPS 零分布完成 (总耗时 12.2s)
    ✓ long JK5: 0 个显著 STC 特征 (总耗时 12.6s)
      零分布范围: [-0.5257, 0.7388]

  ✓ 阶段三完成: STC 模型就绪
  ⏱ 阶段三耗时: 132.9s


======================================================================
  阶段四: MNE 最大噪声熵模型
======================================================================
  short3 JK1: 拟合 MNE (N=588, T=109714, 4折内部JK, 🚀 MPS GPU)
    参数量: 1 + 588 + 588² = 346,333
    脉冲率: 0.0592 (6491 spikes / 109714 frames)
    内部 JK 1/4: 训练=82286, 测试=27428... 3.0s
    内部 JK 2/4: 训练=82286, 测试=27428... 2.7s
    内部 JK 3/4: 训练=82286, 测试=27428... 2.9s
    内部 JK 4/4: 训练=82286, 测试=27428... 2.6s
    显著二次特征: 8 个
  short3 JK2: 拟合 MNE (N=588, T=109713, 4折内部JK, 🚀 MPS GPU)
    参数量: 1 + 588 + 588² = 346,333
    脉冲率: 0.0584 (6410 spikes / 109713 frames)
    内部 JK 1/4: 训练=82285, 测试=27428... 2.8s
    内部 JK 2/4: 训练=82285, 测试=27428... 2.8s
    内部 JK 3/4: 训练=82285, 测试=27428... 2.6s
    内部 JK 4/4: 训练=82285, 测试=27428... 2.6s
    显著二次特征: 8 个
  short3 JK3: 拟合 MNE (N=588, T=109714, 4折内部JK, 🚀 MPS GPU)
    参数量: 1 + 588 + 588² = 346,333
    脉冲率: 0.0587 (6443 spikes / 109714 frames)
    内部 JK 1/4: 训练=82286, 测试=27428... 2.7s
    内部 JK 2/4: 训练=82286, 测试=27428... 2.6s
    内部 JK 3/4: 训练=82286, 测试=27428... 3.4s
    内部 JK 4/4: 训练=82286, 测试=27428... 4.2s
    显著二次特征: 8 个
  short3 JK4: 拟合 MNE (N=588, T=109713, 4折内部JK, 🚀 MPS GPU)
    参数量: 1 + 588 + 588² = 346,333
    脉冲率: 0.0599 (6575 spikes / 109713 frames)
    内部 JK 1/4: 训练=82285, 测试=27428... 3.1s
    内部 JK 2/4: 训练=82285, 测试=27428... 3.8s
    内部 JK 3/4: 训练=82285, 测试=27428... 2.8s
    内部 JK 4/4: 训练=82285, 测试=27428... 2.7s
    显著二次特征: 7 个
  short3 JK5: 拟合 MNE (N=588, T=109714, 4折内部JK, 🚀 MPS GPU)
    参数量: 1 + 588 + 588² = 346,333
    脉冲率: 0.0614 (6741 spikes / 109714 frames)
    内部 JK 1/4: 训练=82286, 测试=27428... 3.3s
    内部 JK 2/4: 训练=82286, 测试=27428... 2.7s
    内部 JK 3/4: 训练=82286, 测试=27428... 2.7s
    内部 JK 4/4: 训练=82286, 测试=27428... 2.7s
    显著二次特征: 8 个

  ✓ 阶段四完成: MNE 模型就绪
  ⏱ 阶段四耗时: 73.4s


======================================================================
  阶段五: GLM 广义线性模型 [MPS 优化版]
======================================================================
  🚀 使用 PyTorch MPS GPU 加速 (Adam 优化器)
  模型: λ(t) = exp(k^T s(t) + h^T r_hist(t) + b)

  short3 JK1: 拟合 Poisson GLM (N=588, T=109714)
    → PCA 降维: 588 → 20 维... 解释方差: 3.9%
    → 脉冲历史 (n_hist=10)
    → 参数: 31 (1 bias + 20 stim + 10 hist)
    → 拟合 (MPS GPU, Adam)...
      迭代 50/200: loss=0.576057 (0.1s)
      迭代 100/200: loss=0.438758 (0.1s)
      迭代 150/200: loss=0.372770 (0.1s)
      迭代 200/200: loss=0.334614 (0.2s)
      baseline=-1.2585, |k|=0.0158, |h|=2.1746
    ✓ GLM 完成 (2.0s)

  short3 JK2: 拟合 Poisson GLM (N=588, T=109713)
    → PCA 降维: 588 → 20 维... 解释方差: 3.9%
    → 脉冲历史 (n_hist=10)
    → 参数: 31 (1 bias + 20 stim + 10 hist)
    → 拟合 (MPS GPU, Adam)...
      迭代 50/200: loss=0.575716 (0.1s)
      迭代 100/200: loss=0.437194 (0.1s)
      迭代 150/200: loss=0.370736 (0.1s)
      迭代 200/200: loss=0.332340 (0.2s)
      baseline=-1.2600, |k|=0.0169, |h|=2.2034
    ✓ GLM 完成 (0.4s)

  short3 JK3: 拟合 Poisson GLM (N=588, T=109714)
    → PCA 降维: 588 → 20 维... 解释方差: 3.9%
    → 脉冲历史 (n_hist=10)
    → 参数: 31 (1 bias + 20 stim + 10 hist)
    → 拟合 (MPS GPU, Adam)...
      迭代 50/200: loss=0.574320 (0.1s)
      迭代 100/200: loss=0.436005 (0.1s)
      迭代 150/200: loss=0.370026 (0.1s)
      迭代 200/200: loss=0.332058 (0.1s)
      baseline=-1.2569, |k|=0.0173, |h|=2.2279
    ✓ GLM 完成 (0.3s)

  short3 JK4: 拟合 Poisson GLM (N=588, T=109713)
    → PCA 降维: 588 → 20 维... 解释方差: 3.9%
    → 脉冲历史 (n_hist=10)
    → 参数: 31 (1 bias + 20 stim + 10 hist)
    → 拟合 (MPS GPU, Adam)...
      迭代 50/200: loss=0.573147 (0.0s)
      迭代 100/200: loss=0.435517 (0.1s)
      迭代 150/200: loss=0.370250 (0.1s)
      迭代 200/200: loss=0.332815 (0.1s)
      baseline=-1.2531, |k|=0.0147, |h|=2.2407
    ✓ GLM 完成 (0.3s)

  short3 JK5: 拟合 Poisson GLM (N=588, T=109714)
    → PCA 降维: 588 → 20 维... 解释方差: 3.9%
    → 脉冲历史 (n_hist=10)
    → 参数: 31 (1 bias + 20 stim + 10 hist)
    → 拟合 (MPS GPU, Adam)...
      迭代 50/200: loss=0.571780 (0.0s)
      迭代 100/200: loss=0.435982 (0.1s)
      迭代 150/200: loss=0.372157 (0.1s)
      迭代 200/200: loss=0.335714 (0.1s)
      baseline=-1.2467, |k|=0.0168, |h|=2.2324
    ✓ GLM 完成 (0.3s)

  ✓ 阶段五完成: GLM 模型就绪
  ⏱ 阶段五耗时: 3.4s


======================================================================
  阶段六: 预测与验证
======================================================================
  JK1: corr(STA)=0.0070, corr(STC)=0.0069, corr(MNE)=0.0032
  JK2: corr(STA)=-0.0071, corr(STC)=-0.0077, corr(MNE)=0.0083
  JK3: corr(STA)=-0.0002, corr(STC)=0.0015, corr(MNE)=-0.0095
  JK4: corr(STA)=-0.0042, corr(STC)=-0.0035, corr(MNE)=0.0110
  JK5: corr(STA)=0.0030, corr(STC)=0.0042, corr(MNE)=-0.0053

  平均对数似然差 (vs null):
    STA: -0.119045 ± 0.009171
    STC: -0.003618 ± 0.000670
    MNE: -0.670308 ± 0.005732

  ✓ 阶段六完成: 预测与验证就绪
  ⏱ 阶段六耗时: 0.3s


======================================================================
  阶段七: 生成图表
======================================================================
  ✓ fig_101_stimulus_pca.png
  ✓ fig_102_sta.png
  ✓ fig_103_stc.png
  ✓ fig_104_mne.png
  ✓ fig_106_prediction_validation.png
  ✓ fig_correlation_summary.png

  ✓ 阶段七完成: 所有图表已保存到 /Users/mac/Documents/code/primer-master/python/output
  ⏱ 阶段七耗时: 2.2s


======================================================================
  ✅ 所有阶段完成!
======================================================================

  📊 运行时间统计:
  ────────────────────────────────────────
  阶段一: 数据预处理               3.7s  ░░░░░░░░░░░░░░░░░░░░   1.7%
  阶段二: STA                 1.4s  ░░░░░░░░░░░░░░░░░░░░   0.6%
  阶段三: STC               132.9s  ████████████░░░░░░░░  61.2%
  阶段四: MNE                73.4s  ██████░░░░░░░░░░░░░░  33.8%
  阶段五: GLM                 3.4s  ░░░░░░░░░░░░░░░░░░░░   1.5%
  阶段六: 预测验证                0.3s  ░░░░░░░░░░░░░░░░░░░░   0.1%
  阶段七: 图表生成                2.2s  ░░░░░░░░░░░░░░░░░░░░   1.0%
  ────────────────────────────────────────
  总计                     217.2s

  ⏱ 时间统计已保存: /Users/mac/Documents/code/primer-master/python/output/timing.json

  输出图表保存在: /Users/mac/Documents/code/primer-master/python/output
  包含: fig_101_stimulus_pca.png
         fig_102_sta.png
         fig_103_stc.png
         fig_104_mne.png
         fig_106_prediction_validation.png
         fig_correlation_summary.png
