======================================================================
  视网膜模块代码复现 - Python 版本
  Analysis of Neuronal Spike Trains, Deconstructed
======================================================================

项目根目录: /Users/mac/Documents/code/primer-master
数据目录:   /Users/mac/Documents/code/primer-master/RetinaData
输出目录:   /Users/mac/Documents/code/primer-master/python/output
分析细胞:   Cell 3

  使用数据目录: /Users/mac/Documents/code/primer-master/RetinaData

======================================================================
  阶段一: 数据准备与预处理
======================================================================

  处理刺激配置: short2
    总帧数: 137145, 空间维度: 100, 时间深度: 2, 延迟: 1
    完成: N=200, NX=100, NT=2, 训练帧数≈109714

  处理刺激配置: short3
    总帧数: 137145, 空间维度: 196, 时间深度: 3, 延迟: 1
    完成: N=588, NX=196, NT=3, 训练帧数≈109714

  处理刺激配置: long
    总帧数: 137145, 空间维度: 100, 时间深度: 6, 延迟: 0
    完成: N=600, NX=100, NT=6, 训练帧数≈109712

  ✓ 阶段一完成: 数据预处理就绪

======================================================================
  阶段二: STA 脉冲触发平均
======================================================================
  short3: STA 计算完成 (5 折)
  long: STA 计算完成 (5 折)

  ✓ 阶段二完成: STA 模型就绪

======================================================================
  阶段三: STC 脉冲触发协方差 [优化版]
======================================================================
  🚀 检测到 Apple MPS GPU，将使用 GPU 加速

  [1/10] short3 JK1: STC (N=588, T=109714)
    → 步骤1/4: 先验协方差 Cp... 0.1s
    → 步骤2/4: 脉冲触发协方差 Cs... 0.2s
    → 步骤3/4: 特征分解... 0.0s  范围:[-0.5162, 0.7335]
    → 步骤4/4: 零分布 (200次置换)...
      🚀 使用 Apple MPS GPU 加速
      置换 1/200 (MPS) 耗时 0.1s, 剩余 19s
      置换 20/200 (MPS) 耗时 1.2s, 剩余 11s
      置换 40/200 (MPS) 耗时 2.4s, 剩余 9s
      置换 60/200 (MPS) 耗时 3.5s, 剩余 8s
      置换 80/200 (MPS) 耗时 4.6s, 剩余 7s
      置换 100/200 (MPS) 耗时 5.8s, 剩余 6s
      置换 120/200 (MPS) 耗时 6.9s, 剩余 5s
      置换 140/200 (MPS) 耗时 8.1s, 剩余 3s
      置换 160/200 (MPS) 耗时 9.2s, 剩余 2s
      置换 180/200 (MPS) 耗时 10.4s, 剩余 1s
      置换 200/200 (MPS) 耗时 11.5s, 剩余 0s
      MPS 零分布完成 (总耗时 11.5s)
    ✓ short3 JK1: 0 个显著 STC 特征 (总耗时 11.9s)
      零分布范围: [-0.5300, 0.7605]

  [2/10] short3 JK2: STC (N=588, T=109713)
    → 步骤1/4: 先验协方差 Cp... 0.1s
    → 步骤2/4: 脉冲触发协方差 Cs... 0.1s
    → 步骤3/4: 特征分解... 0.0s  范围:[-0.5207, 0.7325]
    → 步骤4/4: 零分布 (200次置换)...
      🚀 使用 Apple MPS GPU 加速
      置换 1/200 (MPS) 耗时 0.1s, 剩余 13s
      置换 20/200 (MPS) 耗时 1.2s, 剩余 10s
      置换 40/200 (MPS) 耗时 2.4s, 剩余 9s
      置换 60/200 (MPS) 耗时 3.5s, 剩余 8s
      置换 80/200 (MPS) 耗时 4.6s, 剩余 7s
      置换 100/200 (MPS) 耗时 5.8s, 剩余 6s
      置换 120/200 (MPS) 耗时 7.0s, 剩余 5s
      置换 140/200 (MPS) 耗时 8.1s, 剩余 3s
      置换 160/200 (MPS) 耗时 9.2s, 剩余 2s
      置换 180/200 (MPS) 耗时 10.5s, 剩余 1s
      置换 200/200 (MPS) 耗时 11.7s, 剩余 0s
      MPS 零分布完成 (总耗时 11.7s)
    ✓ short3 JK2: 0 个显著 STC 特征 (总耗时 12.1s)
      零分布范围: [-0.5293, 0.7573]

  [3/10] short3 JK3: STC (N=588, T=109714)
    → 步骤1/4: 先验协方差 Cp... 0.1s
    → 步骤2/4: 脉冲触发协方差 Cs... 0.1s
    → 步骤3/4: 特征分解... 0.0s  范围:[-0.5160, 0.7164]
    → 步骤4/4: 零分布 (200次置换)...
      🚀 使用 Apple MPS GPU 加速
      置换 1/200 (MPS) 耗时 0.1s, 剩余 14s
      置换 20/200 (MPS) 耗时 1.3s, 剩余 11s
      置换 40/200 (MPS) 耗时 2.5s, 剩余 10s
      置换 60/200 (MPS) 耗时 3.7s, 剩余 9s
      置换 80/200 (MPS) 耗时 4.9s, 剩余 7s
      置换 100/200 (MPS) 耗时 6.1s, 剩余 6s
      置换 120/200 (MPS) 耗时 7.3s, 剩余 5s
      置换 140/200 (MPS) 耗时 8.5s, 剩余 4s
      置换 160/200 (MPS) 耗时 9.7s, 剩余 2s
      置换 180/200 (MPS) 耗时 10.9s, 剩余 1s
      置换 200/200 (MPS) 耗时 12.1s, 剩余 0s
      MPS 零分布完成 (总耗时 12.1s)
    ✓ short3 JK3: 0 个显著 STC 特征 (总耗时 12.4s)
      零分布范围: [-0.5305, 0.7599]

  [4/10] short3 JK4: STC (N=588, T=109713)
    → 步骤1/4: 先验协方差 Cp... 0.1s
    → 步骤2/4: 脉冲触发协方差 Cs... 0.2s
    → 步骤3/4: 特征分解... 0.0s  范围:[-0.5118, 0.7100]
    → 步骤4/4: 零分布 (200次置换)...
      🚀 使用 Apple MPS GPU 加速
      置换 1/200 (MPS) 耗时 0.1s, 剩余 11s
      置换 20/200 (MPS) 耗时 1.2s, 剩余 11s
      置换 40/200 (MPS) 耗时 2.4s, 剩余 10s
      置换 60/200 (MPS) 耗时 3.6s, 剩余 8s
      置换 80/200 (MPS) 耗时 4.8s, 剩余 7s
      置换 100/200 (MPS) 耗时 6.0s, 剩余 6s
      置换 120/200 (MPS) 耗时 7.2s, 剩余 5s
      置换 140/200 (MPS) 耗时 8.4s, 剩余 4s
      置换 160/200 (MPS) 耗时 9.5s, 剩余 2s
      置换 180/200 (MPS) 耗时 10.7s, 剩余 1s
      置换 200/200 (MPS) 耗时 11.8s, 剩余 0s
      MPS 零分布完成 (总耗时 11.8s)
    ✓ short3 JK4: 0 个显著 STC 特征 (总耗时 12.1s)
      零分布范围: [-0.5227, 0.7443]

  [5/10] short3 JK5: STC (N=588, T=109714)
    → 步骤1/4: 先验协方差 Cp... 0.1s
    → 步骤2/4: 脉冲触发协方差 Cs... 0.1s
    → 步骤3/4: 特征分解... 0.0s  范围:[-0.5121, 0.7151]
    → 步骤4/4: 零分布 (200次置换)...
      🚀 使用 Apple MPS GPU 加速
      置换 1/200 (MPS) 耗时 0.1s, 剩余 12s
      置换 20/200 (MPS) 耗时 1.1s, 剩余 10s
      置换 40/200 (MPS) 耗时 2.2s, 剩余 9s
      置换 60/200 (MPS) 耗时 3.4s, 剩余 8s
      置换 80/200 (MPS) 耗时 4.6s, 剩余 7s
      置换 100/200 (MPS) 耗时 5.7s, 剩余 6s
      置换 120/200 (MPS) 耗时 6.9s, 剩余 5s
      置换 140/200 (MPS) 耗时 8.1s, 剩余 3s
      置换 160/200 (MPS) 耗时 9.2s, 剩余 2s
      置换 180/200 (MPS) 耗时 10.4s, 剩余 1s
      置换 200/200 (MPS) 耗时 11.6s, 剩余 0s
      MPS 零分布完成 (总耗时 11.6s)
    ✓ short3 JK5: 0 个显著 STC 特征 (总耗时 11.9s)
      零分布范围: [-0.5235, 0.7372]

  [6/10] long JK1: STC (N=600, T=109712)
    → 步骤1/4: 先验协方差 Cp... 0.2s
    → 步骤2/4: 脉冲触发协方差 Cs... 0.2s
    → 步骤3/4: 特征分解... 0.0s  范围:[-0.5196, 0.7198]
    → 步骤4/4: 零分布 (200次置换)...
      🚀 使用 Apple MPS GPU 加速
      置换 1/200 (MPS) 耗时 0.1s, 剩余 14s
      置换 20/200 (MPS) 耗时 1.1s, 剩余 10s
      置换 40/200 (MPS) 耗时 2.1s, 剩余 8s
      置换 60/200 (MPS) 耗时 3.2s, 剩余 7s
      置换 80/200 (MPS) 耗时 4.2s, 剩余 6s
      置换 100/200 (MPS) 耗时 5.2s, 剩余 5s
      置换 120/200 (MPS) 耗时 6.2s, 剩余 4s
      置换 140/200 (MPS) 耗时 7.2s, 剩余 3s
      置换 160/200 (MPS) 耗时 8.2s, 剩余 2s
      置换 180/200 (MPS) 耗时 9.2s, 剩余 1s
      置换 200/200 (MPS) 耗时 10.2s, 剩余 0s
      MPS 零分布完成 (总耗时 10.2s)
    ✓ long JK1: 0 个显著 STC 特征 (总耗时 10.7s)
      零分布范围: [-0.5374, 0.7557]

  [7/10] long JK2: STC (N=600, T=109712)
    → 步骤1/4: 先验协方差 Cp... 0.1s
    → 步骤2/4: 脉冲触发协方差 Cs... 0.1s
    → 步骤3/4: 特征分解... 0.0s  范围:[-0.5218, 0.7314]
    → 步骤4/4: 零分布 (200次置换)...
      🚀 使用 Apple MPS GPU 加速
      置换 1/200 (MPS) 耗时 0.1s, 剩余 12s
      置换 20/200 (MPS) 耗时 1.0s, 剩余 9s
      置换 40/200 (MPS) 耗时 2.0s, 剩余 8s
      置换 60/200 (MPS) 耗时 3.1s, 剩余 7s
      置换 80/200 (MPS) 耗时 4.1s, 剩余 6s
      置换 100/200 (MPS) 耗时 5.2s, 剩余 5s
      置换 120/200 (MPS) 耗时 6.2s, 剩余 4s
      置换 140/200 (MPS) 耗时 7.2s, 剩余 3s
      置换 160/200 (MPS) 耗时 8.3s, 剩余 2s
      置换 180/200 (MPS) 耗时 9.3s, 剩余 1s
      置换 200/200 (MPS) 耗时 10.3s, 剩余 0s
      MPS 零分布完成 (总耗时 10.3s)
    ✓ long JK2: 0 个显著 STC 特征 (总耗时 10.6s)
      零分布范围: [-0.5381, 0.7797]

  [8/10] long JK3: STC (N=600, T=109712)
    → 步骤1/4: 先验协方差 Cp... 0.1s
    → 步骤2/4: 脉冲触发协方差 Cs... 0.1s
    → 步骤3/4: 特征分解... 0.0s  范围:[-0.5200, 0.7339]
    → 步骤4/4: 零分布 (200次置换)...
      🚀 使用 Apple MPS GPU 加速
      置换 1/200 (MPS) 耗时 0.1s, 剩余 12s
      置换 20/200 (MPS) 耗时 1.0s, 剩余 9s
      置换 40/200 (MPS) 耗时 2.1s, 剩余 8s
      置换 60/200 (MPS) 耗时 3.2s, 剩余 8s
      置换 80/200 (MPS) 耗时 4.3s, 剩余 6s
      置换 100/200 (MPS) 耗时 5.3s, 剩余 5s
      置换 120/200 (MPS) 耗时 6.3s, 剩余 4s
      置换 140/200 (MPS) 耗时 7.3s, 剩余 3s
      置换 160/200 (MPS) 耗时 8.3s, 剩余 2s
      置换 180/200 (MPS) 耗时 9.3s, 剩余 1s
      置换 200/200 (MPS) 耗时 10.4s, 剩余 0s
      MPS 零分布完成 (总耗时 10.4s)
    ✓ long JK3: 0 个显著 STC 特征 (总耗时 10.7s)
      零分布范围: [-0.5342, 0.7658]

  [9/10] long JK4: STC (N=600, T=109712)
    → 步骤1/4: 先验协方差 Cp... 0.2s
    → 步骤2/4: 脉冲触发协方差 Cs... 0.1s
    → 步骤3/4: 特征分解... 0.0s  范围:[-0.5204, 0.7303]
    → 步骤4/4: 零分布 (200次置换)...
      🚀 使用 Apple MPS GPU 加速
      置换 1/200 (MPS) 耗时 0.1s, 剩余 12s
      置换 20/200 (MPS) 耗时 1.0s, 剩余 9s
      置换 40/200 (MPS) 耗时 2.0s, 剩余 8s
      置换 60/200 (MPS) 耗时 3.1s, 剩余 7s
      置换 80/200 (MPS) 耗时 4.1s, 剩余 6s
      置换 100/200 (MPS) 耗时 5.1s, 剩余 5s
      置换 120/200 (MPS) 耗时 6.1s, 剩余 4s
      置换 140/200 (MPS) 耗时 7.1s, 剩余 3s
      置换 160/200 (MPS) 耗时 8.1s, 剩余 2s
      置换 180/200 (MPS) 耗时 9.1s, 剩余 1s
      置换 200/200 (MPS) 耗时 10.1s, 剩余 0s
      MPS 零分布完成 (总耗时 10.1s)
    ✓ long JK4: 0 个显著 STC 特征 (总耗时 10.5s)
      零分布范围: [-0.5275, 0.7572]

  [10/10] long JK5: STC (N=600, T=109712)
    → 步骤1/4: 先验协方差 Cp... 0.1s
    → 步骤2/4: 脉冲触发协方差 Cs... 0.1s
    → 步骤3/4: 特征分解... 0.0s  范围:[-0.5104, 0.7199]
    → 步骤4/4: 零分布 (200次置换)...
      🚀 使用 Apple MPS GPU 加速
      置换 1/200 (MPS) 耗时 0.1s, 剩余 10s
      置换 20/200 (MPS) 耗时 1.0s, 剩余 9s
      置换 40/200 (MPS) 耗时 2.1s, 剩余 8s
      置换 60/200 (MPS) 耗时 3.2s, 剩余 8s
      置换 80/200 (MPS) 耗时 4.4s, 剩余 7s
      置换 100/200 (MPS) 耗时 5.5s, 剩余 5s
      置换 120/200 (MPS) 耗时 6.6s, 剩余 4s
      置换 140/200 (MPS) 耗时 7.7s, 剩余 3s
      置换 160/200 (MPS) 耗时 8.9s, 剩余 2s
      置换 180/200 (MPS) 耗时 10.0s, 剩余 1s
      置换 200/200 (MPS) 耗时 11.1s, 剩余 0s
      MPS 零分布完成 (总耗时 11.1s)
    ✓ long JK5: 0 个显著 STC 特征 (总耗时 11.5s)
      零分布范围: [-0.5223, 0.7588]

  ✓ 阶段三完成: STC 模型就绪

======================================================================
  阶段四: MNE 最大噪声熵模型
======================================================================
  short3 JK1: 拟合 MNE (N=588, T=109714, 4折内部JK, 🚀 MPS GPU)
    参数量: 1 + 588 + 588² = 346,333
    脉冲率: 0.0592 (6491 spikes / 109714 frames)
    内部 JK 1/4: 训练=82286, 测试=27428... 2.2s
    内部 JK 2/4: 训练=82286, 测试=27428... 2.2s
    内部 JK 3/4: 训练=82286, 测试=27428... 2.3s
    内部 JK 4/4: 训练=82286, 测试=27428... 2.3s
    显著二次特征: 8 个
  short3 JK2: 拟合 MNE (N=588, T=109713, 4折内部JK, 🚀 MPS GPU)
    参数量: 1 + 588 + 588² = 346,333
    脉冲率: 0.0584 (6410 spikes / 109713 frames)
    内部 JK 1/4: 训练=82285, 测试=27428... 2.6s
    内部 JK 2/4: 训练=82285, 测试=27428... 2.5s
    内部 JK 3/4: 训练=82285, 测试=27428... 2.0s
    内部 JK 4/4: 训练=82285, 测试=27428... 2.2s
    显著二次特征: 9 个
  short3 JK3: 拟合 MNE (N=588, T=109714, 4折内部JK, 🚀 MPS GPU)
    参数量: 1 + 588 + 588² = 346,333
    脉冲率: 0.0587 (6443 spikes / 109714 frames)
    内部 JK 1/4: 训练=82286, 测试=27428... 2.1s
    内部 JK 2/4: 训练=82286, 测试=27428... 2.0s
    内部 JK 3/4: 训练=82286, 测试=27428... 3.2s
    内部 JK 4/4: 训练=82286, 测试=27428... 2.4s
    显著二次特征: 8 个
  short3 JK4: 拟合 MNE (N=588, T=109713, 4折内部JK, 🚀 MPS GPU)
    参数量: 1 + 588 + 588² = 346,333
    脉冲率: 0.0599 (6575 spikes / 109713 frames)
    内部 JK 1/4: 训练=82285, 测试=27428... 2.1s
    内部 JK 2/4: 训练=82285, 测试=27428... 2.0s
    内部 JK 3/4: 训练=82285, 测试=27428... 3.0s
    内部 JK 4/4: 训练=82285, 测试=27428... 1.9s
    显著二次特征: 6 个
  short3 JK5: 拟合 MNE (N=588, T=109714, 4折内部JK, 🚀 MPS GPU)
    参数量: 1 + 588 + 588² = 346,333
    脉冲率: 0.0614 (6741 spikes / 109714 frames)
    内部 JK 1/4: 训练=82286, 测试=27428... 2.2s
    内部 JK 2/4: 训练=82286, 测试=27428... 2.2s
    内部 JK 3/4: 训练=82286, 测试=27428... 2.1s
    内部 JK 4/4: 训练=82286, 测试=27428... 2.4s
    显著二次特征: 7 个

  ✓ 阶段四完成: MNE 模型就绪

======================================================================
  阶段五: GLM (跳过 - 需要 Pillow GLM 工具包)
======================================================================

======================================================================
  阶段六: 预测与验证
======================================================================
  JK1: corr(STA)=0.0070, corr(STC)=0.0069, corr(MNE)=0.0033
  JK2: corr(STA)=-0.0071, corr(STC)=-0.0077, corr(MNE)=0.0069
  JK3: corr(STA)=-0.0002, corr(STC)=0.0015, corr(MNE)=-0.0056
  JK4: corr(STA)=-0.0042, corr(STC)=-0.0035, corr(MNE)=0.0074
  JK5: corr(STA)=0.0030, corr(STC)=0.0042, corr(MNE)=-0.0011

  平均对数似然差 (vs null):
    STA: -0.119045 ± 0.009171
    STC: -0.003618 ± 0.000670
    MNE: -0.666058 ± 0.008910

  ✓ 阶段六完成: 预测与验证就绪

======================================================================
  阶段七: 生成图表
======================================================================
  ✓ fig_101_stimulus_pca.png
  ✓ fig_102_sta.png
  ✓ fig_103_stc.png
  ✓ fig_104_mne.png
  ✓ fig_106_prediction_validation.png
  ✓ fig_correlation_summary.png

  ✓ 阶段七完成: 所有图表已保存到 /Users/mac/Documents/code/primer-master/python/output

======================================================================
  ✅ 所有阶段完成!
======================================================================

  输出图表保存在: /Users/mac/Documents/code/primer-master/python/output
  包含: fig_101_stimulus_pca.png
         fig_102_sta.png
         fig_103_stc.png
         fig_104_mne.png
         fig_106_prediction_validation.png
         fig_correlation_summary.png
